2.2434 	WARNING 	We strongly recommend you activate the PTB sound engine in PsychoPy prefs as the preferred audio engine. Its timing is vastly superior. Your prefs are currently set to use ['sounddevice', 'PTB', 'pyo', 'pygame'] (in that order).
13.0822 	EXP 	Created window1 = Window(allowGUI=False, allowStencil=False, autoLog=True, backendConf=UNKNOWN, bitsMode=UNKNOWN, blendMode='avg', bpc=(8, 8, 8), color=array([0, 0, 0]), colorSpace='rgb', depthBits=8, fullscr=<method-wrapper '__getattribute__' of attributeSetter object at 0x000001FD4C4AAAC0>, gamma=None, gammaErrorPolicy='raise', lms=UNKNOWN, monitor=<psychopy.monitors.calibTools.Monitor object at 0x000001FD4BEF66D0>, multiSample=False, name='window1', numSamples=2, pos=(0, 0), screen=0, size=array([1920, 1080]), stencilBits=0, stereo=False, units='norm', useFBO=True, useRetina=False, viewOri=0.0, viewPos=None, viewScale=None, waitBlanking=True, winType='pyglet')
13.0827 	EXP 	window1: mouseVisible = True
13.0828 	EXP 	window1: Attempting to measure frame rate of screen (0) ...
13.0828 	EXP 	window1: recordFrameIntervals = False
13.1012 	EXP 	window1: recordFrameIntervals = True
13.1137 	WARNING 	t of last frame was 3.90ms (=1/256)
13.1218 	EXP 	Screen (0) actual frame rate measured at 533.84Hz
13.1219 	EXP 	window1: recordFrameIntervals = False
15.9172 	EXP 	Sound sound_instruct set volume 1.000
15.9414 	EXP 	Created text_instruct = TextStim(__class__=<class 'psychopy.visual.text.TextStim'>, alignHoriz=method-wrapper(...), alignText='center', alignVert=method-wrapper(...), anchorHoriz='center', anchorVert='center', antialias=True, autoLog=True, bold=False, color=array([1., 1., 1.]), colorSpace='rgb', contrast=1.0, depth=-2.0, flipHoriz=False, flipVert=False, font='Arial', fontFiles=[], height=0.1, italic=False, languageStyle='LTR', name='text_instruct', opacity=1.0, ori=0, pos=array([0., 0.]), rgb=UNKNOWN, text='', units='norm', win=Window(...), wrapWidth=1)
15.9416 	EXP 	Sound sound_start_recording set volume 1.000
15.9416 	EXP 	Sound sound_trial set volume 1.000
15.9942 	EXP 	Created fixation_cross = TextStim(__class__=<class 'psychopy.visual.text.TextStim'>, alignHoriz=method-wrapper(...), alignText='center', alignVert=method-wrapper(...), anchorHoriz='center', anchorVert='center', antialias=True, autoLog=True, bold=False, color=array([1., 1., 1.]), colorSpace='rgb', contrast=1.0, depth=-2.0, flipHoriz=False, flipVert=False, font='Open Sans', fontFiles=[], height=0.05, italic=False, languageStyle='LTR', name='fixation_cross', opacity=1.0, ori=0.0, pos=array([0., 0.]), rgb=UNKNOWN, text='+', units='norm', win=Window(...), wrapWidth=1)
15.9943 	EXP 	Sound sound_end_recording set volume 1.000
15.9944 	EXP 	window1: mouseVisible = False
16.0725 	EXP 	text_instruct: height = 0.1
16.0725 	EXP 	text_instruct: height = 0.1
16.0725 	EXP 	text_instruct: text = 'First, processes of the brain will be examined under relaxation conditions. It is therefore very important in this part of the experiment that you relax as much as possible. During the recording of the resting EEG, you will be instructed to open or close your eyes. If you are instructed to open your eyes or to keep them open, please direct your relaxed gaze at the monitor. If you are instructed to close your eyes or to keep them closed, follow this instruction in a relaxed manner. To begin, press the space bar.'
16.0725 	EXP 	text_instruct: autoDraw = True
20.3875 	DATA 	Mouse: Left button down, pos=(428,361)
20.4603 	DATA 	Mouse:  Left button up, pos=(428,361)
43.7757 	DATA 	Keypress: lwindows
43.9579 	DATA 	Keypress: d
55.0238 	DATA 	Mouse: Left button down, pos=(936,456)
55.1292 	DATA 	Mouse:  Left button up, pos=(936,456)
55.1958 	DATA 	Keypress: space
56.6604 	DATA 	Keypress: space
56.6696 	EXP 	text_instruct: autoDraw = False
57.3158 	DATA 	Keypress: space
59.9158 	EXP 	Imported Cond2_Resting_EEG_trials.xlsx as conditions, 8 conditions, 2 params
59.9165 	EXP 	Created sequence: sequential, trialTypes=8, nReps=1, seed=None
59.9168 	EXP 	New trial (rep=0, index=0): {'Anweisung': 'audio\\auf.wav', 'Instruction_trials': 'Instruction_close.wav'}
59.9220 	EXP 	fixation_cross: autoDraw = True
122.9206 	EXP 	New trial (rep=0, index=1): {'Anweisung': 'audio\\zu.wav', 'Instruction_trials': 'Instruction_open.wav'}
122.9259 	EXP 	fixation_cross: autoDraw = False
122.9259 	EXP 	fixation_cross: autoDraw = False
122.9259 	EXP 	fixation_cross: autoDraw = True
185.9230 	EXP 	New trial (rep=0, index=2): {'Anweisung': 'audio\\zu_lassen.wav', 'Instruction_trials': 'Instruction_leave_open.wav'}
185.9283 	EXP 	fixation_cross: autoDraw = False
185.9283 	EXP 	fixation_cross: autoDraw = False
185.9283 	EXP 	fixation_cross: autoDraw = True
248.9276 	EXP 	New trial (rep=0, index=3): {'Anweisung': 'audio\\auf.wav', 'Instruction_trials': 'Instruction_close.wav'}
248.9338 	EXP 	fixation_cross: autoDraw = False
248.9338 	EXP 	fixation_cross: autoDraw = False
248.9338 	EXP 	fixation_cross: autoDraw = True
311.9317 	EXP 	New trial (rep=0, index=4): {'Anweisung': 'audio\\zu.wav', 'Instruction_trials': 'Instruction_open.wav'}
311.9364 	EXP 	fixation_cross: autoDraw = False
311.9364 	EXP 	fixation_cross: autoDraw = False
311.9364 	EXP 	fixation_cross: autoDraw = True
374.9343 	EXP 	New trial (rep=0, index=5): {'Anweisung': 'audio\\auf.wav', 'Instruction_trials': 'Instruction_close.wav'}
374.9393 	EXP 	fixation_cross: autoDraw = False
374.9393 	EXP 	fixation_cross: autoDraw = False
374.9393 	EXP 	fixation_cross: autoDraw = True
437.9369 	EXP 	New trial (rep=0, index=6): {'Anweisung': 'audio\\auf_lassen.wav', 'Instruction_trials': 'Instruction_leave_closed.wav'}
437.9421 	EXP 	fixation_cross: autoDraw = False
437.9421 	EXP 	fixation_cross: autoDraw = False
437.9421 	EXP 	fixation_cross: autoDraw = True
500.9408 	EXP 	New trial (rep=0, index=7): {'Anweisung': 'audio\\zu.wav', 'Instruction_trials': 'Instruction_open.wav'}
500.9465 	EXP 	fixation_cross: autoDraw = False
500.9465 	EXP 	fixation_cross: autoDraw = False
500.9465 	EXP 	fixation_cross: autoDraw = True
563.9501 	EXP 	fixation_cross: autoDraw = False
563.9501 	EXP 	fixation_cross: autoDraw = False
567.0486 	EXP 	window1: mouseVisible = True
