2.3517 	WARNING 	We strongly recommend you activate the PTB sound engine in PsychoPy prefs as the preferred audio engine. Its timing is vastly superior. Your prefs are currently set to use ['sounddevice', 'PTB', 'pyo', 'pygame'] (in that order).
20.6240 	EXP 	Created window1 = Window(allowGUI=False, allowStencil=False, autoLog=True, backendConf=UNKNOWN, bitsMode=UNKNOWN, blendMode='avg', bpc=(8, 8, 8), color=array([0, 0, 0]), colorSpace='rgb', depthBits=8, fullscr=<method-wrapper '__getattribute__' of attributeSetter object at 0x000001A82839AAF0>, gamma=None, gammaErrorPolicy='raise', lms=UNKNOWN, monitor=<psychopy.monitors.calibTools.Monitor object at 0x000001A82AE4D5E0>, multiSample=False, name='window1', numSamples=2, pos=(0, 0), screen=0, size=array([1920, 1080]), stencilBits=0, stereo=False, units='norm', useFBO=True, useRetina=False, viewOri=0.0, viewPos=None, viewScale=None, waitBlanking=True, winType='pyglet')
20.6243 	EXP 	window1: mouseVisible = True
20.6244 	EXP 	window1: Attempting to measure frame rate of screen (0) ...
20.6244 	EXP 	window1: recordFrameIntervals = False
20.6467 	EXP 	window1: recordFrameIntervals = True
20.6649 	WARNING 	t of last frame was 4.03ms (=1/248)
20.6681 	WARNING 	t of last frame was 3.22ms (=1/310)
20.6700 	EXP 	Screen (0) actual frame rate measured at 472.59Hz
20.6701 	EXP 	window1: recordFrameIntervals = False
23.7177 	EXP 	Sound sound_instruct set volume 1.000
23.7419 	EXP 	Created text_instruct = TextStim(__class__=<class 'psychopy.visual.text.TextStim'>, alignHoriz=method-wrapper(...), alignText='center', alignVert=method-wrapper(...), anchorHoriz='center', anchorVert='center', antialias=True, autoLog=True, bold=False, color=array([1., 1., 1.]), colorSpace='rgb', contrast=1.0, depth=-2.0, flipHoriz=False, flipVert=False, font='Arial', fontFiles=[], height=0.1, italic=False, languageStyle='LTR', name='text_instruct', opacity=1.0, ori=0, pos=array([0., 0.]), rgb=UNKNOWN, text='', units='norm', win=Window(...), wrapWidth=1)
23.7420 	EXP 	Sound sound_start_recording set volume 1.000
23.7421 	EXP 	Sound sound_trial set volume 1.000
23.8295 	EXP 	Created fixation_cross = TextStim(__class__=<class 'psychopy.visual.text.TextStim'>, alignHoriz=method-wrapper(...), alignText='center', alignVert=method-wrapper(...), anchorHoriz='center', anchorVert='center', antialias=True, autoLog=True, bold=False, color=array([1., 1., 1.]), colorSpace='rgb', contrast=1.0, depth=-2.0, flipHoriz=False, flipVert=False, font='Open Sans', fontFiles=[], height=0.5, italic=False, languageStyle='LTR', name='fixation_cross', opacity=1.0, ori=0.0, pos=array([0., 0.]), rgb=UNKNOWN, text='+', units='norm', win=Window(...), wrapWidth=1)
23.8296 	EXP 	Sound sound_end_recording set volume 1.000
23.8297 	EXP 	window1: mouseVisible = False
23.9497 	EXP 	text_instruct: height = 0.1
23.9497 	EXP 	text_instruct: height = 0.1
23.9497 	EXP 	text_instruct: text = 'Zunächst werden Prozesse des Gehirns unter Entspannungsbedingungen untersucht. Es ist daher in diesem Teil der Untersuchung sehr wichtig, dass Sie sich möglichst gut entspannen. Während der Aufzeichnung des Ruhe EEGs werden Sie angewiesen, die Augen zu öffnen oder zu schließen. Wenn Sie die Augen öffnen, oder offen behalten sollen, dann richten Sie bitte ihren Blick entspannt auf den Monitor. Bei der Anweisung die Augen zu schließen, oder geschlossen zu lassen, folgen Sie dieser Anweisung entspannt. Um zu Beginnen, drücken Sie nun bitte die Leertaste.'
23.9497 	EXP 	text_instruct: autoDraw = True
28.5989 	DATA 	Mouse: Left button down, pos=(156,468)
28.6724 	DATA 	Mouse:  Left button up, pos=(156,468)
70.9498 	EXP 	text_instruct: autoDraw = False
72.4235 	DATA 	Keypress: space
72.4306 	EXP 	text_instruct: autoDraw = False
75.3509 	EXP 	Imported Cond1_Resting_EEG_trials.xlsx as conditions, 8 conditions, 2 params
75.3519 	EXP 	Created sequence: sequential, trialTypes=8, nReps=1, seed=None
75.3524 	EXP 	New trial (rep=0, index=0): {'Anweisung': 'audio\\auf.wav', 'Instruction_trials': 'Instruction_open.wav'}
75.3583 	EXP 	fixation_cross: autoDraw = True
138.3616 	EXP 	New trial (rep=0, index=1): {'Anweisung': 'audio\\zu.wav', 'Instruction_trials': 'Instruction_close.wav'}
138.3683 	EXP 	fixation_cross: autoDraw = False
138.3683 	EXP 	fixation_cross: autoDraw = False
138.3683 	EXP 	fixation_cross: autoDraw = True
159.7404 	DATA 	Keypress: escape
160.4469 	EXP 	window1: mouseVisible = True
