2.2921 	WARNING 	We strongly recommend you activate the PTB sound engine in PsychoPy prefs as the preferred audio engine. Its timing is vastly superior. Your prefs are currently set to use ['sounddevice', 'PTB', 'pyo', 'pygame'] (in that order).
18.9051 	WARNING 	Couldn't measure a consistent frame rate!
  - Is your graphics card set to sync to vertical blank?
  - Are you running other processes on your computer?

18.9057 	EXP 	Created window1 = Window(allowGUI=False, allowStencil=False, autoLog=True, backendConf=UNKNOWN, bitsMode=UNKNOWN, blendMode='avg', bpc=(8, 8, 8), color=array([0, 0, 0]), colorSpace='rgb', depthBits=8, fullscr=<method-wrapper '__getattribute__' of attributeSetter object at 0x00000267FA479A60>, gamma=None, gammaErrorPolicy='raise', lms=UNKNOWN, monitor=<psychopy.monitors.calibTools.Monitor object at 0x00000267F9D5E5B0>, multiSample=False, name='window1', numSamples=2, pos=(0, 0), screen=0, size=array([1920, 1080]), stencilBits=0, stereo=False, units='norm', useFBO=True, useRetina=False, viewOri=0.0, viewPos=None, viewScale=None, waitBlanking=True, winType='pyglet')
18.9060 	EXP 	window1: mouseVisible = True
18.9060 	EXP 	window1: Attempting to measure frame rate of screen (0) ...
18.9060 	EXP 	window1: recordFrameIntervals = False
18.9473 	EXP 	window1: recordFrameIntervals = True
19.1805 	EXP 	Screen (0) actual frame rate measured at 371.74Hz
19.1805 	EXP 	window1: recordFrameIntervals = True
22.3070 	EXP 	Sound sound_instruct set volume 1.000
22.3330 	EXP 	Created text_instruct = TextStim(__class__=<class 'psychopy.visual.text.TextStim'>, alignHoriz=method-wrapper(...), alignText='center', alignVert=method-wrapper(...), anchorHoriz='center', anchorVert='center', antialias=True, autoLog=True, bold=False, color=array([1., 1., 1.]), colorSpace='rgb', contrast=1.0, depth=-2.0, flipHoriz=False, flipVert=False, font='Arial', fontFiles=[], height=0.1, italic=False, languageStyle='LTR', name='text_instruct', opacity=1.0, ori=0, pos=array([0., 0.]), rgb=UNKNOWN, text='', units='norm', win=Window(...), wrapWidth=1)
22.3332 	EXP 	Sound sound_start_recording set volume 1.000
22.3332 	EXP 	Sound sound_trial set volume 1.000
22.3938 	EXP 	Created fixation_cross = TextStim(__class__=<class 'psychopy.visual.text.TextStim'>, alignHoriz=method-wrapper(...), alignText='center', alignVert=method-wrapper(...), anchorHoriz='center', anchorVert='center', antialias=True, autoLog=True, bold=False, color=array([1., 1., 1.]), colorSpace='rgb', contrast=1.0, depth=-2.0, flipHoriz=False, flipVert=False, font='Open Sans', fontFiles=[], height=0.05, italic=False, languageStyle='LTR', name='fixation_cross', opacity=1.0, ori=0.0, pos=array([0., 0.]), rgb=UNKNOWN, text='+', units='norm', win=Window(...), wrapWidth=1)
22.3939 	EXP 	Sound sound_end_recording set volume 1.000
22.3941 	EXP 	window1: mouseVisible = False
22.4399 	WARNING 	t of last frame was 3259.80ms (=1/0)
22.4399 	EXP 	text_instruct: height = 0.1
22.4399 	EXP 	text_instruct: height = 0.1
22.4399 	EXP 	text_instruct: text = 'Instruction to be displayed'
22.4399 	EXP 	text_instruct: autoDraw = True
33.7412 	DATA 	Keypress: escape
34.3900 	EXP 	window1: mouseVisible = True
