2.6703 	WARNING 	We strongly recommend you activate the PTB sound engine in PsychoPy prefs as the preferred audio engine. Its timing is vastly superior. Your prefs are currently set to use ['sounddevice', 'PTB', 'pyo', 'pygame'] (in that order).
17.0192 	WARNING 	Couldn't measure a consistent frame rate!
  - Is your graphics card set to sync to vertical blank?
  - Are you running other processes on your computer?

17.0196 	EXP 	Created window1 = Window(allowGUI=False, allowStencil=False, autoLog=True, backendConf=UNKNOWN, bitsMode=UNKNOWN, blendMode='avg', bpc=(8, 8, 8), color=array([0, 0, 0]), colorSpace='rgb', depthBits=8, fullscr=<method-wrapper '__getattribute__' of attributeSetter object at 0x000001FA1CDE84C0>, gamma=None, gammaErrorPolicy='raise', lms=UNKNOWN, monitor=<psychopy.monitors.calibTools.Monitor object at 0x000001FA48FF4940>, multiSample=False, name='window1', numSamples=2, pos=(0, 0), screen=0, size=array([1920, 1080]), stencilBits=0, stereo=False, units='norm', useFBO=True, useRetina=False, viewOri=0.0, viewPos=None, viewScale=None, waitBlanking=True, winType='pyglet')
17.0199 	EXP 	window1: mouseVisible = True
17.0199 	EXP 	window1: Attempting to measure frame rate of screen (0) ...
17.0199 	EXP 	window1: recordFrameIntervals = False
17.0619 	EXP 	window1: recordFrameIntervals = True
17.1216 	EXP 	Screen (0) actual frame rate measured at 326.52Hz
17.1217 	EXP 	window1: recordFrameIntervals = True
20.4577 	EXP 	Sound sound_2 set volume 1.000
20.5338 	EXP 	Created text_2 = TextStim(__class__=<class 'psychopy.visual.text.TextStim'>, alignHoriz=method-wrapper(...), alignText='center', alignVert=method-wrapper(...), anchorHoriz='center', anchorVert='center', antialias=True, autoLog=True, bold=False, color=array([1., 1., 1.]), colorSpace='rgb', contrast=1.0, depth=-2.0, flipHoriz=False, flipVert=False, font='Arial', fontFiles=[], height=0.1, italic=False, languageStyle='LTR', name='text_2', opacity=1.0, ori=0, pos=array([0., 0.]), rgb=UNKNOWN, text='', units='norm', win=Window(...), wrapWidth=1)
20.5368 	EXP 	Created text_5 = TextStim(__class__=<class 'psychopy.visual.text.TextStim'>, alignHoriz=method-wrapper(...), alignText='center', alignVert=method-wrapper(...), anchorHoriz='center', anchorVert='center', antialias=True, autoLog=True, bold=False, color=array([1., 1., 1.]), colorSpace='rgb', contrast=1.0, depth=-3.0, flipHoriz=False, flipVert=False, font='Arial', fontFiles=[], height=0.1, italic=False, languageStyle='LTR', name='text_5', opacity=1.0, ori=0, pos=array([0., 0.]), rgb=UNKNOWN, text='', units='norm', win=Window(...), wrapWidth=1)
20.5369 	EXP 	Sound sound_4 set volume 1.000
20.5400 	EXP 	Created text_4 = TextStim(__class__=<class 'psychopy.visual.text.TextStim'>, alignHoriz=method-wrapper(...), alignText='center', alignVert=method-wrapper(...), anchorHoriz='center', anchorVert='center', antialias=True, autoLog=True, bold=False, color=array([1., 1., 1.]), colorSpace='rgb', contrast=1.0, depth=-2.0, flipHoriz=False, flipVert=False, font='Arial', fontFiles=[], height=0.1, italic=False, languageStyle='LTR', name='text_4', opacity=1.0, ori=0, pos=array([0., 0.]), rgb=UNKNOWN, text='', units='norm', win=Window(...), wrapWidth=1)
20.5401 	EXP 	Sound sound_1 set volume 1.000
20.5432 	EXP 	Created text = TextStim(__class__=<class 'psychopy.visual.text.TextStim'>, alignHoriz=method-wrapper(...), alignText='center', alignVert=method-wrapper(...), anchorHoriz='center', anchorVert='center', antialias=True, autoLog=True, bold=False, color=array([1., 1., 1.]), colorSpace='rgb', contrast=1.0, depth=-2.0, flipHoriz=False, flipVert=False, font='Arial', fontFiles=[], height=0.1, italic=False, languageStyle='LTR', name='text', opacity=1.0, ori=0, pos=array([0., 0.]), rgb=UNKNOWN, text='', units='norm', win=Window(...), wrapWidth=1)
20.5433 	EXP 	Sound sound_3 set volume 1.000
20.5461 	EXP 	Created text_3 = TextStim(__class__=<class 'psychopy.visual.text.TextStim'>, alignHoriz=method-wrapper(...), alignText='center', alignVert=method-wrapper(...), anchorHoriz='center', anchorVert='center', antialias=True, autoLog=True, bold=False, color=array([1., 1., 1.]), colorSpace='rgb', contrast=1.0, depth=-2.0, flipHoriz=False, flipVert=False, font='Arial', fontFiles=[], height=0.1, italic=False, languageStyle='LTR', name='text_3', opacity=1.0, ori=0, pos=array([0., 0.]), rgb=UNKNOWN, text='', units='norm', win=Window(...), wrapWidth=1)
20.5575 	EXP 	Imported Gesamt.xlsx as conditions, 1 conditions, 12 params
20.5583 	EXP 	Created sequence: sequential, trialTypes=1, nReps=1, seed=None
20.5592 	EXP 	New trial (rep=0, index=0): {'Instruktion': 'audio\\Instruction_resting.wav', 'Ende': 'audio\\ende_aufzeichnung.wav', 'Instruktion_D': 'audio\\Instruction_resting.wav', 'Instruktion_E': 'audio English\\Instruction_resting_English.wav', 'Instruktion_F': None, 'Instruktion_S': None, 'Instruktion_R': None, 'Ende_D': 'audio\\ende_aufzeichnung.wav', 'Ende_E': 'udio English\\end_recording.wav', 'Ende_F': None, 'Ende_S': None, 'Ende_R': None}
20.5597 	EXP 	window1: mouseVisible = False
20.6206 	WARNING 	t of last frame was 3499.54ms (=1/0)
20.6206 	EXP 	text_2: text = ''
20.6206 	EXP 	text_5: height = 0.1
20.6206 	EXP 	text_5: height = 0.1
20.6206 	EXP 	text_5: text = 'Languages/Dutch/Instruction2.txt'
20.6206 	EXP 	text_2: autoDraw = True
26.4118 	DATA 	Keypress: escape
27.1064 	EXP 	window1: mouseVisible = True
