2.2839 	WARNING 	We strongly recommend you activate the PTB sound engine in PsychoPy prefs as the preferred audio engine. Its timing is vastly superior. Your prefs are currently set to use ['sounddevice', 'PTB', 'pyo', 'pygame'] (in that order).
11.7881 	EXP 	Created window1 = Window(allowGUI=False, allowStencil=False, autoLog=True, backendConf=UNKNOWN, bitsMode=UNKNOWN, blendMode='avg', bpc=(8, 8, 8), color=array([0, 0, 0]), colorSpace='rgb', depthBits=8, fullscr=<method-wrapper '__getattribute__' of attributeSetter object at 0x000001E114A4C520>, gamma=None, gammaErrorPolicy='raise', lms=UNKNOWN, monitor=<psychopy.monitors.calibTools.Monitor object at 0x000001E13E38E550>, multiSample=False, name='window1', numSamples=2, pos=(0, 0), screen=0, size=array([1920, 1080]), stencilBits=0, stereo=False, units='norm', useFBO=True, useRetina=False, viewOri=0.0, viewPos=None, viewScale=None, waitBlanking=True, winType='pyglet')
11.7884 	EXP 	window1: mouseVisible = True
11.7884 	EXP 	window1: Attempting to measure frame rate of screen (0) ...
11.7884 	EXP 	window1: recordFrameIntervals = False
11.8049 	EXP 	window1: recordFrameIntervals = True
11.8102 	WARNING 	t of last frame was 3.87ms (=1/258)
11.8229 	EXP 	Screen (0) actual frame rate measured at 612.06Hz
11.8230 	EXP 	window1: recordFrameIntervals = False
14.9347 	EXP 	Sound sound_instruct set volume 1.000
14.9594 	EXP 	Created text_instruct = TextStim(__class__=<class 'psychopy.visual.text.TextStim'>, alignHoriz=method-wrapper(...), alignText='center', alignVert=method-wrapper(...), anchorHoriz='center', anchorVert='center', antialias=True, autoLog=True, bold=False, color=array([1., 1., 1.]), colorSpace='rgb', contrast=1.0, depth=-2.0, flipHoriz=False, flipVert=False, font='Arial', fontFiles=[], height=0.1, italic=False, languageStyle='LTR', name='text_instruct', opacity=1.0, ori=0, pos=array([0., 0.]), rgb=UNKNOWN, text='', units='norm', win=Window(...), wrapWidth=1)
14.9596 	EXP 	Sound sound_start_recording set volume 1.000
14.9596 	EXP 	Sound sound_trial set volume 1.000
15.0163 	EXP 	Created fixation_cross = TextStim(__class__=<class 'psychopy.visual.text.TextStim'>, alignHoriz=method-wrapper(...), alignText='center', alignVert=method-wrapper(...), anchorHoriz='center', anchorVert='center', antialias=True, autoLog=True, bold=False, color=array([1., 1., 1.]), colorSpace='rgb', contrast=1.0, depth=-2.0, flipHoriz=False, flipVert=False, font='Open Sans', fontFiles=[], height=0.05, italic=False, languageStyle='LTR', name='fixation_cross', opacity=1.0, ori=0.0, pos=array([0., 0.]), rgb=UNKNOWN, text='+', units='norm', win=Window(...), wrapWidth=1)
15.0165 	EXP 	Sound sound_end_recording set volume 1.000
15.0167 	EXP 	window1: mouseVisible = False
15.0589 	EXP 	text_instruct: height = 0.1
15.0589 	EXP 	text_instruct: height = 0.1
15.0589 	EXP 	text_instruct: text = 'Instruction to be displayed'
15.0589 	EXP 	text_instruct: autoDraw = True
17.1874 	DATA 	Keypress: space
17.2612 	DATA 	Keypress: j
19.2543 	DATA 	Keypress: space
20.0713 	DATA 	Keypress: space
20.5444 	DATA 	Keypress: space
21.3033 	DATA 	Keypress: space
21.7206 	DATA 	Keypress: space
22.1183 	DATA 	Keypress: space
22.8580 	DATA 	Keypress: space
24.5435 	DATA 	Keypress: space
53.8351 	DATA 	Keypress: space
56.0619 	DATA 	Keypress: space
57.6603 	DATA 	Keypress: space
58.2472 	DATA 	Keypress: space
59.0066 	DATA 	Keypress: space
59.7956 	DATA 	Keypress: space
60.2990 	DATA 	Keypress: space
60.6899 	DATA 	Keypress: space
60.8770 	DATA 	Keypress: space
61.7333 	DATA 	Mouse: Left button down, pos=(862,601)
61.9460 	DATA 	Mouse:  Left button up, pos=(862,601)
62.0626 	EXP 	text_instruct: autoDraw = False
65.5262 	DATA 	Keypress: space
65.5273 	EXP 	text_instruct: autoDraw = False
68.5354 	EXP 	Imported Cond1_Resting_EEG_trials.xlsx as conditions, 8 conditions, 2 params
68.5365 	EXP 	Created sequence: sequential, trialTypes=8, nReps=1, seed=None
68.5369 	EXP 	New trial (rep=0, index=0): {'Anweisung': 'audio\\auf.wav', 'Instruction_trials': 'Instruction_open.wav'}
68.7382 	EXP 	window1: mouseVisible = True
